{"/Users/ucioaran/procekt/direct--/backend/firebase-init.ts": {"path":"/Users/ucioaran/procekt/direct--/backend/firebase-init.ts","statementMap":{"0":{"start":{"line":1,"column":0},"end":{"line":1,"column":40}},"1":{"start":{"line":5,"column":23},"end":{"line":5,"column":58}},"2":{"start":{"line":8,"column":0},"end":{"line":10,"column":3}},"3":{"start":{"line":13,"column":13},"end":{"line":13,"column":36}}},"fnMap":{},"branchMap":{},"s":{"0":1,"1":1,"2":1,"3":1},"f":{},"b":{}}
,"/Users/ucioaran/procekt/direct--/backend/index.ts": {"path":"/Users/ucioaran/procekt/direct--/backend/index.ts","statementMap":{"0":{"start":{"line":22,"column":0},"end":{"line":22,"column":16}},"1":{"start":{"line":29,"column":0},"end":{"line":29,"column":7}},"2":{"start":{"line":1,"column":0},"end":{"line":1,"column":37}},"3":{"start":{"line":4,"column":0},"end":{"line":4,"column":28}},"4":{"start":{"line":17,"column":21},"end":{"line":17,"column":48}},"5":{"start":{"line":18,"column":1},"end":{"line":18,"column":20}},"6":{"start":{"line":19,"column":1},"end":{"line":19,"column":20}},"7":{"start":{"line":23,"column":40},"end":{"line":23,"column":81}},"8":{"start":{"line":24,"column":22},"end":{"line":24,"column":51}},"9":{"start":{"line":25,"column":1},"end":{"line":25,"column":29}},"10":{"start":{"line":31,"column":1},"end":{"line":36,"column":2}},"11":{"start":{"line":32,"column":2},"end":{"line":35,"column":4}},"12":{"start":{"line":38,"column":22},"end":{"line":38,"column":35}},"13":{"start":{"line":39,"column":24},"end":{"line":39,"column":39}},"14":{"start":{"line":40,"column":29},"end":{"line":40,"column":71}},"15":{"start":{"line":43,"column":29},"end":{"line":43,"column":123}},"16":{"start":{"line":44,"column":28},"end":{"line":44,"column":170}},"17":{"start":{"line":47,"column":1},"end":{"line":83,"column":2}},"18":{"start":{"line":51,"column":22},"end":{"line":51,"column":52}},"19":{"start":{"line":52,"column":2},"end":{"line":52,"column":92}},"20":{"start":{"line":55,"column":2},"end":{"line":55,"column":57}},"21":{"start":{"line":56,"column":2},"end":{"line":56,"column":44}},"22":{"start":{"line":58,"column":2},"end":{"line":61,"column":4}},"23":{"start":{"line":64,"column":29},"end":{"line":68,"column":4}},"24":{"start":{"line":70,"column":2},"end":{"line":70,"column":66}},"25":{"start":{"line":73,"column":2},"end":{"line":77,"column":5}},"26":{"start":{"line":79,"column":2},"end":{"line":82,"column":4}},"27":{"start":{"line":87,"column":23},"end":{"line":87,"column":46}},"28":{"start":{"line":88,"column":22},"end":{"line":88,"column":68}},"29":{"start":{"line":92,"column":15},"end":{"line":95,"column":8}},"30":{"start":{"line":98,"column":1},"end":{"line":98,"column":20}},"31":{"start":{"line":102,"column":13},"end":{"line":102,"column":23}},"32":{"start":{"line":103,"column":20},"end":{"line":103,"column":39}},"33":{"start":{"line":104,"column":20},"end":{"line":104,"column":43}},"34":{"start":{"line":105,"column":33},"end":{"line":105,"column":56}},"35":{"start":{"line":106,"column":20},"end":{"line":106,"column":69}},"36":{"start":{"line":108,"column":40},"end":{"line":108,"column":119}},"37":{"start":{"line":109,"column":40},"end":{"line":109,"column":119}},"38":{"start":{"line":113,"column":18},"end":{"line":113,"column":28}},"39":{"start":{"line":114,"column":4},"end":{"line":114,"column":70}},"40":{"start":{"line":115,"column":4},"end":{"line":115,"column":70}},"41":{"start":{"line":116,"column":4},"end":{"line":116,"column":25}},"42":{"start":{"line":121,"column":15},"end":{"line":121,"column":25}},"43":{"start":{"line":124,"column":30},"end":{"line":124,"column":117}},"44":{"start":{"line":125,"column":33},"end":{"line":125,"column":123}},"45":{"start":{"line":128,"column":1},"end":{"line":128,"column":60}},"46":{"start":{"line":128,"column":37},"end":{"line":128,"column":58}},"47":{"start":{"line":129,"column":1},"end":{"line":129,"column":63}},"48":{"start":{"line":129,"column":40},"end":{"line":129,"column":61}},"49":{"start":{"line":132,"column":1},"end":{"line":132,"column":22}}},"fnMap":{"0":{"name":"sortAlphabetically","decl":{"start":{"line":16,"column":9},"end":{"line":16,"column":27}},"loc":{"start":{"line":16,"column":69},"end":{"line":20,"column":1}}},"1":{"name":"hashTwoUsers","decl":{"start":{"line":22,"column":16},"end":{"line":22,"column":28}},"loc":{"start":{"line":22,"column":66},"end":{"line":26,"column":1}}},"2":{"name":"sendFeedbackToSomeone","decl":{"start":{"line":29,"column":22},"end":{"line":29,"column":43}},"loc":{"start":{"line":29,"column":68},"end":{"line":84,"column":1}}},"3":{"name":"doesUserHaveRightToSendAFeedback","decl":{"start":{"line":86,"column":15},"end":{"line":86,"column":47}},"loc":{"start":{"line":86,"column":58},"end":{"line":99,"column":1}}},"4":{"name":"createNotification","decl":{"start":{"line":101,"column":15},"end":{"line":101,"column":33}},"loc":{"start":{"line":101,"column":72},"end":{"line":117,"column":1}}},"5":{"name":"cleanupRecords","decl":{"start":{"line":119,"column":15},"end":{"line":119,"column":29}},"loc":{"start":{"line":119,"column":50},"end":{"line":133,"column":1}}},"6":{"name":"(anonymous_7)","decl":{"start":{"line":128,"column":30},"end":{"line":128,"column":33}},"loc":{"start":{"line":128,"column":37},"end":{"line":128,"column":58}}},"7":{"name":"(anonymous_8)","decl":{"start":{"line":129,"column":33},"end":{"line":129,"column":36}},"loc":{"start":{"line":129,"column":40},"end":{"line":129,"column":61}}}},"branchMap":{"0":{"loc":{"start":{"line":31,"column":1},"end":{"line":36,"column":2}},"type":"if","locations":[{"start":{"line":31,"column":1},"end":{"line":36,"column":2}}]},"1":{"loc":{"start":{"line":47,"column":1},"end":{"line":83,"column":2}},"type":"if","locations":[{"start":{"line":47,"column":1},"end":{"line":83,"column":2}},{"start":{"line":62,"column":8},"end":{"line":83,"column":2}}]},"2":{"loc":{"start":{"line":47,"column":5},"end":{"line":47,"column":60}},"type":"binary-expr","locations":[{"start":{"line":47,"column":5},"end":{"line":47,"column":31}},{"start":{"line":47,"column":35},"end":{"line":47,"column":60}}]}},"s":{"0":1,"1":1,"2":1,"3":1,"4":7,"5":7,"6":7,"7":7,"8":7,"9":7,"10":4,"11":1,"12":3,"13":3,"14":3,"15":3,"16":3,"17":3,"18":1,"19":1,"20":1,"21":1,"22":1,"23":2,"24":2,"25":2,"26":2,"27":4,"28":4,"29":4,"30":4,"31":1,"32":1,"33":1,"34":1,"35":1,"36":1,"37":1,"38":1,"39":1,"40":1,"41":1,"42":1,"43":1,"44":1,"45":1,"46":1,"47":1,"48":1,"49":1},"f":{"0":7,"1":7,"2":4,"3":4,"4":1,"5":1,"6":1,"7":1},"b":{"0":[1],"1":[1,2],"2":[3,1]}}
}
