TN:
SF:firebase-init.ts
FNF:0
FNH:0
DA:1,1
DA:5,1
DA:8,1
DA:13,1
LF:4
LH:4
BRF:0
BRH:0
end_of_record
TN:
SF:index.ts
FN:16,sortAlphabetically
FN:22,hashTwoUsers
FN:29,sendFeedbackToSomeone
FN:86,doesUserHaveRightToSendAFeedback
FN:101,createNotification
FN:119,cleanupRecords
FN:128,(anonymous_7)
FN:129,(anonymous_8)
FNF:8
FNH:8
FNDA:7,sortAlphabetically
FNDA:7,hashTwoUsers
FNDA:4,sendFeedbackToSomeone
FNDA:4,doesUserHaveRightToSendAFeedback
FNDA:1,createNotification
FNDA:1,cleanupRecords
FNDA:1,(anonymous_7)
FNDA:1,(anonymous_8)
DA:1,1
DA:4,1
DA:17,7
DA:18,7
DA:19,7
DA:22,1
DA:23,7
DA:24,7
DA:25,7
DA:29,1
DA:31,4
DA:32,1
DA:38,3
DA:39,3
DA:40,3
DA:43,3
DA:44,3
DA:47,3
DA:51,1
DA:52,1
DA:55,1
DA:56,1
DA:58,1
DA:64,2
DA:70,2
DA:73,2
DA:79,2
DA:87,4
DA:88,4
DA:92,4
DA:98,4
DA:102,1
DA:103,1
DA:104,1
DA:105,1
DA:106,1
DA:108,1
DA:109,1
DA:113,1
DA:114,1
DA:115,1
DA:116,1
DA:121,1
DA:124,1
DA:125,1
DA:128,1
DA:129,1
DA:132,1
LF:48
LH:48
BRDA:31,0,0,1
BRDA:47,1,0,1
BRDA:47,1,1,2
BRDA:47,2,0,3
BRDA:47,2,1,1
BRF:5
BRH:5
end_of_record
